0 info it worked if it ends with ok
1 verbose cli [ '/usr/bin/node', '/usr/bin/npm', 'install', 'yo' ]
2 info using npm@2.14.7
3 info using node@v4.2.1
4 verbose config Skipping project config: /home/kborrell/.npmrc. (matches userconfig)
5 verbose install initial load of /home/kborrell/package.json
6 verbose installManyTop reading scoped package data from /home/kborrell/node_modules/angular-generator/package.json
7 verbose readDependencies loading dependencies from /home/kborrell/package.json
8 silly cache add args [ 'yo', null ]
9 verbose cache add spec yo
10 silly cache add parsed spec Result {
10 silly cache add   raw: 'yo',
10 silly cache add   scope: null,
10 silly cache add   name: null,
10 silly cache add   rawSpec: 'yo',
10 silly cache add   spec: '/home/kborrell/IdeaProjects/sposapp/yo',
10 silly cache add   type: 'directory' }
11 error addLocal Could not install /home/kborrell/IdeaProjects/sposapp/yo
12 verbose stack Error: No version provided in package.json
12 verbose stack     at /usr/lib64/node_modules/npm/lib/cache/add-local.js:70:17
12 verbose stack     at /usr/lib64/node_modules/npm/node_modules/read-package-json/read-json.js:345:5
12 verbose stack     at checkBinReferences_ (/usr/lib64/node_modules/npm/node_modules/read-package-json/read-json.js:309:45)
12 verbose stack     at final (/usr/lib64/node_modules/npm/node_modules/read-package-json/read-json.js:343:3)
12 verbose stack     at then (/usr/lib64/node_modules/npm/node_modules/read-package-json/read-json.js:113:5)
12 verbose stack     at /usr/lib64/node_modules/npm/node_modules/read-package-json/read-json.js:232:12
12 verbose stack     at /usr/lib64/node_modules/npm/node_modules/graceful-fs/graceful-fs.js:76:16
12 verbose stack     at FSReqWrap.readFileAfterClose [as oncomplete] (fs.js:380:3)
13 verbose cwd /home/kborrell/IdeaProjects/sposapp
14 error Linux 4.2.5-201.fc22.x86_64
15 error argv "/usr/bin/node" "/usr/bin/npm" "install" "yo"
16 error node v4.2.1
17 error npm  v2.14.7
18 error No version provided in package.json
19 error If you need help, you may report this error at:
19 error     <https://github.com/npm/npm/issues>
20 verbose exit [ 1, true ]
